SF:lib/core/failures.dart
DA:9,1
DA:16,1
DA:23,0
LF:3
LH:2
end_of_record
SF:lib/data/repositories/sql/sql_post.dart
DA:11,1
DA:19,1
DA:20,1
DA:21,1
DA:22,1
DA:23,1
DA:28,0
DA:29,0
DA:30,0
DA:31,0
DA:32,0
LF:11
LH:6
end_of_record
SF:lib/data/repositories/sql/sql_post_site.dart
DA:9,2
DA:16,0
DA:17,0
DA:18,0
DA:19,0
DA:20,0
DA:24,1
DA:25,1
DA:26,1
DA:27,1
DA:28,1
LF:11
LH:6
end_of_record
SF:lib/data/repositories/post_repository_impl.dart
DA:11,1
DA:17,1
DA:19,3
DA:23,1
DA:25,4
DA:27,1
DA:29,2
DA:30,2
LF:8
LH:8
end_of_record
SF:lib/core/post.dart
DA:12,5
DA:20,0
DA:22,0
DA:23,0
DA:24,0
DA:25,0
DA:26,0
DA:27,0
DA:32,0
DA:34,0
LF:10
LH:1
end_of_record
SF:lib/core/post_site.dart
DA:6,6
DA:12,0
DA:13,0
LF:3
LH:1
end_of_record
SF:lib/external/error.dart
DA:6,1
DA:12,0
DA:14,0
LF:3
LH:1
end_of_record
SF:lib/data/repositories/post_site_repository_impl.dart
DA:8,1
DA:12,1
DA:14,2
DA:15,4
LF:4
LH:4
end_of_record
SF:lib/data/messenger/messenger_impl.dart
DA:9,1
DA:13,1
DA:15,2
LF:3
LH:3
end_of_record
SF:lib/core/send_post.dart
DA:11,1
DA:17,1
DA:18,2
DA:21,2
DA:22,1
DA:23,2
DA:24,2
LF:7
LH:7
end_of_record
SF:lib/data/scrapping/scrapping_creator.dart
DA:5,1
DA:9,0
DA:10,0
LF:3
LH:1
end_of_record
SF:lib/data/scrapping/scrapping_executor_impl.dart
DA:14,1
DA:19,1
DA:21,2
DA:22,1
DA:27,1
DA:31,2
DA:32,2
DA:33,1
DA:34,2
DA:35,2
DA:36,1
DA:38,4
DA:40,2
DA:41,3
DA:42,1
DA:43,2
LF:16
LH:16
end_of_record
SF:lib/core/scrape_posts.dart
DA:14,1
DA:20,1
DA:21,2
DA:22,2
DA:23,5
DA:24,3
DA:25,2
DA:26,2
LF:8
LH:8
end_of_record
